<?xml version="1.0" encoding="UTF-8"?>
<!-- Generated by org.testng.reporters.JUnitReportReporter -->
<testsuite skipped="0" hostname="A2ML29106" name="com.toolsqa.scripts.LoginTest" tests="1" failures="0" timestamp="23 Dec 2019 06:38:17 GMT" time="33.271" errors="0">
  <testcase name="Login" time="33.271" classname="com.toolsqa.scripts.LoginTest"/>
</testsuite> <!-- com.toolsqa.scripts.LoginTest -->
