<?xml version="1.0" encoding="UTF-8"?>
<!-- Generated by org.testng.reporters.JUnitReportReporter -->
<testsuite hostname="A2ML15225" failures="0" tests="1" name="com.jackfruit.scripts.RegsitrationTest" time="20.512" errors="0" timestamp="2019-12-17T16:23:34 IST" skipped="0">
  <testcase classname="com.jackfruit.scripts.RegsitrationTest" name="mantisRepotIssue" time="20.512"/>
</testsuite> <!-- com.jackfruit.scripts.RegsitrationTest -->
