<?xml version="1.0" encoding="UTF-8"?>
<!-- Generated by org.testng.reporters.JUnitReportReporter -->
<testsuite hostname="A2ML15225" failures="0" tests="1" name="com.toolsqa.scripts.RegsitrationTest" time="16.413" errors="0" timestamp="2019-12-18T17:13:50 IST" skipped="0">
  <testcase classname="com.toolsqa.scripts.RegsitrationTest" name="registration" time="16.413"/>
</testsuite> <!-- com.toolsqa.scripts.RegsitrationTest -->
